<?xml version="1.0" encoding="UTF-8"?>
<!-- Generated by org.testng.reporters.JUnitReportReporter -->
<testsuite hostname="DESKTOP-927F8HN" failures="0" tests="1" name="com.yahoo.test.TestYahooMailOpen" time="229.592" errors="0" timestamp="20 May 2018 07:54:10 GMT" skipped="0">
  <testcase classname="com.yahoo.test.TestYahooMailOpen" name="mail" time="229.592"/>
</testsuite> <!-- com.yahoo.test.TestYahooMailOpen -->
